<?xml version="1.0" encoding="UTF-8"?>
<coverage generated="1682599129226" clover="3.2.0">
  <project timestamp="1682599129226" name="All files">
    <metrics statements="79" coveredstatements="76" conditionals="26" coveredconditionals="23" methods="25" coveredmethods="24" elements="130" coveredelements="123" complexity="0" loc="79" ncloc="79" packages="4" files="5" classes="5"/>
    <package name="services.filters">
      <metrics statements="43" coveredstatements="42" conditionals="16" coveredconditionals="14" methods="15" coveredmethods="15"/>
      <file name="filterstestmock.js" path="D:\freelance\works\wh_project_react\client\src\services\filters\filterstestmock.js">
        <metrics statements="7" coveredstatements="7" conditionals="0" coveredconditionals="0" methods="2" coveredmethods="2"/>
        <line num="1" count="1" type="stmt"/>
        <line num="9" count="1" type="stmt"/>
        <line num="10" count="1" type="stmt"/>
        <line num="19" count="1" type="stmt"/>
        <line num="20" count="1" type="stmt"/>
        <line num="38" count="1" type="stmt"/>
        <line num="44" count="1" type="stmt"/>
      </file>
      <file name="index.js" path="D:\freelance\works\wh_project_react\client\src\services\filters\index.js">
        <metrics statements="36" coveredstatements="35" conditionals="16" coveredconditionals="14" methods="13" coveredmethods="13"/>
        <line num="3" count="1" type="stmt"/>
        <line num="4" count="1" type="cond" truecount="1" falsecount="1"/>
        <line num="10" count="1" type="stmt"/>
        <line num="12" count="1" type="stmt"/>
        <line num="13" count="1" type="stmt"/>
        <line num="14" count="3" type="cond" truecount="2" falsecount="0"/>
        <line num="15" count="1" type="stmt"/>
        <line num="16" count="3" type="cond" truecount="2" falsecount="0"/>
        <line num="17" count="1" type="cond" truecount="1" falsecount="1"/>
        <line num="18" count="1" type="stmt"/>
        <line num="20" count="0" type="stmt"/>
        <line num="23" count="2" type="stmt"/>
        <line num="27" count="2" type="stmt"/>
        <line num="32" count="1" type="stmt"/>
        <line num="36" count="1" type="stmt"/>
        <line num="37" count="1" type="stmt"/>
        <line num="40" count="1" type="stmt"/>
        <line num="41" count="1" type="stmt"/>
        <line num="42" count="3" type="stmt"/>
        <line num="46" count="3" type="stmt"/>
        <line num="47" count="9" type="stmt"/>
        <line num="48" count="27" type="cond" truecount="2" falsecount="0"/>
        <line num="49" count="3" type="stmt"/>
        <line num="50" count="3" type="stmt"/>
        <line num="52" count="3" type="stmt"/>
        <line num="53" count="9" type="cond" truecount="2" falsecount="0"/>
        <line num="54" count="3" type="stmt"/>
        <line num="60" count="9" type="stmt"/>
        <line num="61" count="27" type="cond" truecount="2" falsecount="0"/>
        <line num="62" count="9" type="cond" truecount="2" falsecount="0"/>
        <line num="63" count="3" type="stmt"/>
        <line num="65" count="6" type="stmt"/>
        <line num="68" count="18" type="stmt"/>
        <line num="72" count="3" type="stmt"/>
        <line num="75" count="1" type="stmt"/>
        <line num="78" count="1" type="stmt"/>
      </file>
    </package>
    <package name="services.url">
      <metrics statements="27" coveredstatements="27" conditionals="10" coveredconditionals="9" methods="7" coveredmethods="7"/>
      <file name="index.js" path="D:\freelance\works\wh_project_react\client\src\services\url\index.js">
        <metrics statements="27" coveredstatements="27" conditionals="10" coveredconditionals="9" methods="7" coveredmethods="7"/>
        <line num="4" count="2" type="stmt"/>
        <line num="6" count="2" type="stmt"/>
        <line num="7" count="2" type="stmt"/>
        <line num="8" count="2" type="stmt"/>
        <line num="9" count="2" type="stmt"/>
        <line num="10" count="2" type="stmt"/>
        <line num="11" count="2" type="stmt"/>
        <line num="12" count="2" type="stmt"/>
        <line num="13" count="2" type="stmt"/>
        <line num="15" count="2" type="stmt"/>
        <line num="19" count="1" type="stmt"/>
        <line num="20" count="2" type="cond" truecount="1" falsecount="1"/>
        <line num="21" count="2" type="stmt"/>
        <line num="23" count="2" type="stmt"/>
        <line num="32" count="2" type="cond" truecount="2" falsecount="0"/>
        <line num="33" count="1" type="stmt"/>
        <line num="34" count="4" type="stmt"/>
        <line num="35" count="24" type="cond" truecount="2" falsecount="0"/>
        <line num="36" count="4" type="stmt"/>
        <line num="43" count="2" type="stmt"/>
        <line num="45" count="2" type="stmt"/>
        <line num="46" count="12" type="cond" truecount="2" falsecount="0"/>
        <line num="47" count="5" type="stmt"/>
        <line num="48" count="30" type="cond" truecount="2" falsecount="0"/>
        <line num="49" count="5" type="stmt"/>
        <line num="55" count="2" type="stmt"/>
        <line num="58" count="2" type="stmt"/>
      </file>
    </package>
    <package name="services.verification">
      <metrics statements="7" coveredstatements="5" conditionals="0" coveredconditionals="0" methods="1" coveredmethods="1"/>
      <file name="index.js" path="D:\freelance\works\wh_project_react\client\src\services\verification\index.js">
        <metrics statements="7" coveredstatements="5" conditionals="0" coveredconditionals="0" methods="1" coveredmethods="1"/>
        <line num="1" count="1" type="stmt"/>
        <line num="2" count="1" type="stmt"/>
        <line num="3" count="1" type="stmt"/>
        <line num="5" count="1" type="stmt"/>
        <line num="18" count="0" type="stmt"/>
        <line num="20" count="0" type="stmt"/>
        <line num="22" count="1" type="stmt"/>
      </file>
    </package>
    <package name="utils">
      <metrics statements="2" coveredstatements="2" conditionals="0" coveredconditionals="0" methods="2" coveredmethods="1"/>
      <file name="common.js" path="D:\freelance\works\wh_project_react\client\src\utils\common.js">
        <metrics statements="2" coveredstatements="2" conditionals="0" coveredconditionals="0" methods="2" coveredmethods="1"/>
        <line num="1" count="1" type="stmt"/>
        <line num="3" count="9" type="stmt"/>
      </file>
    </package>
  </project>
</coverage>
