{"D:\\freelance\\works\\wh_project_react\\client\\src\\services\\filters\\filterstestmock.js": {"path":"D:\\freelance\\works\\wh_project_react\\client\\src\\services\\filters\\filterstestmock.js","statementMap":{"0":{"start":{"line":1,"column":16},"end":{"line":7,"column":1}},"1":{"start":{"line":9,"column":31},"end":{"line":17,"column":1}},"2":{"start":{"line":10,"column":2},"end":{"line":15,"column":3}},"3":{"start":{"line":19,"column":33},"end":{"line":45,"column":1}},"4":{"start":{"line":20,"column":16},"end":{"line":36,"column":1}},"5":{"start":{"line":38,"column":12},"end":{"line":42,"column":3}},"6":{"start":{"line":44,"column":2},"end":{"line":44,"column":32}}},"fnMap":{"0":{"name":"(anonymous_0)","decl":{"start":{"line":9,"column":31},"end":{"line":9,"column":32}},"loc":{"start":{"line":9,"column":37},"end":{"line":17,"column":1}},"line":9},"1":{"name":"(anonymous_1)","decl":{"start":{"line":19,"column":33},"end":{"line":19,"column":34}},"loc":{"start":{"line":19,"column":39},"end":{"line":45,"column":1}},"line":19}},"branchMap":{},"s":{"0":1,"1":1,"2":1,"3":1,"4":1,"5":1,"6":1},"f":{"0":1,"1":1},"b":{},"_coverageSchema":"1a1c01bbd47fc00a2c39e90264f33305004495a9","hash":"6abe1a372ad0aa679bee729f6ec39c016596bead"}
,"D:\\freelance\\works\\wh_project_react\\client\\src\\services\\filters\\index.js": {"path":"D:\\freelance\\works\\wh_project_react\\client\\src\\services\\filters\\index.js","statementMap":{"0":{"start":{"line":3,"column":35},"end":{"line":34,"column":1}},"1":{"start":{"line":4,"column":2},"end":{"line":33,"column":3}},"2":{"start":{"line":10,"column":8},"end":{"line":10,"column":13}},"3":{"start":{"line":12,"column":32},"end":{"line":30,"column":5}},"4":{"start":{"line":13,"column":6},"end":{"line":29,"column":8}},"5":{"start":{"line":14,"column":8},"end":{"line":28,"column":9}},"6":{"start":{"line":15,"column":10},"end":{"line":25,"column":12}},"7":{"start":{"line":16,"column":12},"end":{"line":24,"column":13}},"8":{"start":{"line":17,"column":14},"end":{"line":21,"column":15}},"9":{"start":{"line":18,"column":16},"end":{"line":18,"column":27}},"10":{"start":{"line":20,"column":16},"end":{"line":20,"column":28}},"11":{"start":{"line":23,"column":14},"end":{"line":23,"column":26}},"12":{"start":{"line":27,"column":10},"end":{"line":27,"column":21}},"13":{"start":{"line":32,"column":4},"end":{"line":32,"column":32}},"14":{"start":{"line":36,"column":34},"end":{"line":79,"column":1}},"15":{"start":{"line":37,"column":36},"end":{"line":37,"column":41}},"16":{"start":{"line":40,"column":23},"end":{"line":40,"column":25}},"17":{"start":{"line":41,"column":23},"end":{"line":73,"column":16}},"18":{"start":{"line":42,"column":19},"end":{"line":71,"column":8}},"19":{"start":{"line":46,"column":8},"end":{"line":59,"column":11}},"20":{"start":{"line":47,"column":10},"end":{"line":58,"column":12}},"21":{"start":{"line":48,"column":12},"end":{"line":57,"column":13}},"22":{"start":{"line":49,"column":14},"end":{"line":49,"column":32}},"23":{"start":{"line":50,"column":14},"end":{"line":50,"column":32}},"24":{"start":{"line":52,"column":14},"end":{"line":56,"column":16}},"25":{"start":{"line":53,"column":16},"end":{"line":55,"column":17}},"26":{"start":{"line":54,"column":18},"end":{"line":54,"column":49}},"27":{"start":{"line":60,"column":8},"end":{"line":70,"column":11}},"28":{"start":{"line":60,"column":45},"end":{"line":70,"column":10}},"29":{"start":{"line":61,"column":10},"end":{"line":69,"column":11}},"30":{"start":{"line":62,"column":12},"end":{"line":66,"column":13}},"31":{"start":{"line":63,"column":14},"end":{"line":63,"column":26}},"32":{"start":{"line":65,"column":14},"end":{"line":65,"column":25}},"33":{"start":{"line":68,"column":12},"end":{"line":68,"column":23}},"34":{"start":{"line":72,"column":6},"end":{"line":72,"column":19}},"35":{"start":{"line":75,"column":4},"end":{"line":75,"column":39}},"36":{"start":{"line":78,"column":2},"end":{"line":78,"column":26}}},"fnMap":{"0":{"name":"(anonymous_0)","decl":{"start":{"line":3,"column":35},"end":{"line":3,"column":36}},"loc":{"start":{"line":3,"column":46},"end":{"line":34,"column":1}},"line":3},"1":{"name":"(anonymous_1)","decl":{"start":{"line":12,"column":46},"end":{"line":12,"column":47}},"loc":{"start":{"line":13,"column":6},"end":{"line":29,"column":8}},"line":13},"2":{"name":"(anonymous_2)","decl":{"start":{"line":13,"column":15},"end":{"line":13,"column":16}},"loc":{"start":{"line":13,"column":31},"end":{"line":29,"column":7}},"line":13},"3":{"name":"(anonymous_3)","decl":{"start":{"line":15,"column":26},"end":{"line":15,"column":27}},"loc":{"start":{"line":15,"column":43},"end":{"line":25,"column":11}},"line":15},"4":{"name":"(anonymous_4)","decl":{"start":{"line":36,"column":34},"end":{"line":36,"column":35}},"loc":{"start":{"line":36,"column":45},"end":{"line":79,"column":1}},"line":36},"5":{"name":"CheckboxFromUrl","decl":{"start":{"line":39,"column":11},"end":{"line":39,"column":26}},"loc":{"start":{"line":39,"column":29},"end":{"line":76,"column":3}},"line":39},"6":{"name":"(anonymous_6)","decl":{"start":{"line":41,"column":34},"end":{"line":41,"column":35}},"loc":{"start":{"line":41,"column":58},"end":{"line":73,"column":5}},"line":41},"7":{"name":"(anonymous_7)","decl":{"start":{"line":42,"column":49},"end":{"line":42,"column":50}},"loc":{"start":{"line":42,"column":60},"end":{"line":71,"column":7}},"line":42},"8":{"name":"(anonymous_8)","decl":{"start":{"line":46,"column":39},"end":{"line":46,"column":40}},"loc":{"start":{"line":46,"column":60},"end":{"line":59,"column":9}},"line":46},"9":{"name":"(anonymous_9)","decl":{"start":{"line":47,"column":36},"end":{"line":47,"column":37}},"loc":{"start":{"line":47,"column":58},"end":{"line":58,"column":11}},"line":47},"10":{"name":"(anonymous_10)","decl":{"start":{"line":52,"column":43},"end":{"line":52,"column":44}},"loc":{"start":{"line":52,"column":61},"end":{"line":56,"column":15}},"line":52},"11":{"name":"(anonymous_11)","decl":{"start":{"line":60,"column":25},"end":{"line":60,"column":26}},"loc":{"start":{"line":60,"column":45},"end":{"line":70,"column":10}},"line":60},"12":{"name":"(anonymous_12)","decl":{"start":{"line":60,"column":54},"end":{"line":60,"column":55}},"loc":{"start":{"line":60,"column":75},"end":{"line":70,"column":9}},"line":60}},"branchMap":{"0":{"loc":{"start":{"line":4,"column":2},"end":{"line":33,"column":3}},"type":"if","locations":[{"start":{"line":4,"column":2},"end":{"line":33,"column":3}},{"start":{},"end":{}}],"line":4},"1":{"loc":{"start":{"line":14,"column":8},"end":{"line":28,"column":9}},"type":"if","locations":[{"start":{"line":14,"column":8},"end":{"line":28,"column":9}},{"start":{"line":26,"column":15},"end":{"line":28,"column":9}}],"line":14},"2":{"loc":{"start":{"line":16,"column":12},"end":{"line":24,"column":13}},"type":"if","locations":[{"start":{"line":16,"column":12},"end":{"line":24,"column":13}},{"start":{"line":22,"column":19},"end":{"line":24,"column":13}}],"line":16},"3":{"loc":{"start":{"line":17,"column":14},"end":{"line":21,"column":15}},"type":"if","locations":[{"start":{"line":17,"column":14},"end":{"line":21,"column":15}},{"start":{"line":19,"column":21},"end":{"line":21,"column":15}}],"line":17},"4":{"loc":{"start":{"line":48,"column":12},"end":{"line":57,"column":13}},"type":"if","locations":[{"start":{"line":48,"column":12},"end":{"line":57,"column":13}},{"start":{},"end":{}}],"line":48},"5":{"loc":{"start":{"line":53,"column":16},"end":{"line":55,"column":17}},"type":"if","locations":[{"start":{"line":53,"column":16},"end":{"line":55,"column":17}},{"start":{},"end":{}}],"line":53},"6":{"loc":{"start":{"line":61,"column":10},"end":{"line":69,"column":11}},"type":"if","locations":[{"start":{"line":61,"column":10},"end":{"line":69,"column":11}},{"start":{"line":67,"column":17},"end":{"line":69,"column":11}}],"line":61},"7":{"loc":{"start":{"line":62,"column":12},"end":{"line":66,"column":13}},"type":"if","locations":[{"start":{"line":62,"column":12},"end":{"line":66,"column":13}},{"start":{"line":64,"column":19},"end":{"line":66,"column":13}}],"line":62}},"s":{"0":1,"1":1,"2":1,"3":1,"4":1,"5":3,"6":1,"7":3,"8":1,"9":1,"10":0,"11":2,"12":2,"13":1,"14":1,"15":1,"16":1,"17":1,"18":3,"19":3,"20":9,"21":27,"22":3,"23":3,"24":3,"25":9,"26":3,"27":3,"28":9,"29":27,"30":9,"31":3,"32":6,"33":18,"34":3,"35":1,"36":1},"f":{"0":1,"1":1,"2":3,"3":3,"4":1,"5":1,"6":3,"7":3,"8":9,"9":27,"10":9,"11":9,"12":27},"b":{"0":[1,0],"1":[1,2],"2":[1,2],"3":[1,0],"4":[3,24],"5":[3,6],"6":[9,18],"7":[3,6]},"_coverageSchema":"1a1c01bbd47fc00a2c39e90264f33305004495a9","hash":"6748d920abfb6d01e38032aa8c53ee9a1e035b02"}
,"D:\\freelance\\works\\wh_project_react\\client\\src\\services\\url\\index.js": {"path":"D:\\freelance\\works\\wh_project_react\\client\\src\\services\\url\\index.js","statementMap":{"0":{"start":{"line":4,"column":42},"end":{"line":4,"column":59}},"1":{"start":{"line":6,"column":19},"end":{"line":6,"column":49}},"2":{"start":{"line":7,"column":13},"end":{"line":7,"column":37}},"3":{"start":{"line":8,"column":15},"end":{"line":8,"column":41}},"4":{"start":{"line":9,"column":22},"end":{"line":9,"column":55}},"5":{"start":{"line":10,"column":20},"end":{"line":10,"column":51}},"6":{"start":{"line":11,"column":13},"end":{"line":11,"column":37}},"7":{"start":{"line":12,"column":13},"end":{"line":12,"column":37}},"8":{"start":{"line":13,"column":15},"end":{"line":13,"column":41}},"9":{"start":{"line":15,"column":2},"end":{"line":15,"column":83}},"10":{"start":{"line":19,"column":23},"end":{"line":60,"column":1}},"11":{"start":{"line":20,"column":2},"end":{"line":59,"column":3}},"12":{"start":{"line":21,"column":43},"end":{"line":21,"column":48}},"13":{"start":{"line":23,"column":19},"end":{"line":30,"column":5}},"14":{"start":{"line":32,"column":4},"end":{"line":40,"column":5}},"15":{"start":{"line":33,"column":6},"end":{"line":39,"column":8}},"16":{"start":{"line":34,"column":8},"end":{"line":38,"column":10}},"17":{"start":{"line":35,"column":10},"end":{"line":37,"column":11}},"18":{"start":{"line":36,"column":12},"end":{"line":36,"column":40}},"19":{"start":{"line":43,"column":15},"end":{"line":43,"column":17}},"20":{"start":{"line":45,"column":6},"end":{"line":53,"column":8}},"21":{"start":{"line":46,"column":8},"end":{"line":52,"column":9}},"22":{"start":{"line":47,"column":10},"end":{"line":51,"column":12}},"23":{"start":{"line":48,"column":12},"end":{"line":50,"column":13}},"24":{"start":{"line":49,"column":14},"end":{"line":49,"column":51}},"25":{"start":{"line":55,"column":6},"end":{"line":55,"column":17}},"26":{"start":{"line":58,"column":4},"end":{"line":58,"column":21}}},"fnMap":{"0":{"name":"useGetUrlParams","decl":{"start":{"line":3,"column":16},"end":{"line":3,"column":31}},"loc":{"start":{"line":3,"column":34},"end":{"line":16,"column":1}},"line":3},"1":{"name":"(anonymous_1)","decl":{"start":{"line":19,"column":23},"end":{"line":19,"column":24}},"loc":{"start":{"line":19,"column":34},"end":{"line":60,"column":1}},"line":19},"2":{"name":"(anonymous_2)","decl":{"start":{"line":33,"column":31},"end":{"line":33,"column":32}},"loc":{"start":{"line":33,"column":38},"end":{"line":39,"column":7}},"line":33},"3":{"name":"(anonymous_3)","decl":{"start":{"line":34,"column":37},"end":{"line":34,"column":38}},"loc":{"start":{"line":34,"column":46},"end":{"line":38,"column":9}},"line":34},"4":{"name":"pathData","decl":{"start":{"line":42,"column":13},"end":{"line":42,"column":21}},"loc":{"start":{"line":42,"column":24},"end":{"line":56,"column":5}},"line":42},"5":{"name":"(anonymous_5)","decl":{"start":{"line":45,"column":37},"end":{"line":45,"column":38}},"loc":{"start":{"line":45,"column":57},"end":{"line":53,"column":7}},"line":45},"6":{"name":"(anonymous_6)","decl":{"start":{"line":47,"column":39},"end":{"line":47,"column":40}},"loc":{"start":{"line":47,"column":57},"end":{"line":51,"column":11}},"line":47}},"branchMap":{"0":{"loc":{"start":{"line":20,"column":2},"end":{"line":59,"column":3}},"type":"if","locations":[{"start":{"line":20,"column":2},"end":{"line":59,"column":3}},{"start":{},"end":{}}],"line":20},"1":{"loc":{"start":{"line":32,"column":4},"end":{"line":40,"column":5}},"type":"if","locations":[{"start":{"line":32,"column":4},"end":{"line":40,"column":5}},{"start":{},"end":{}}],"line":32},"2":{"loc":{"start":{"line":35,"column":10},"end":{"line":37,"column":11}},"type":"if","locations":[{"start":{"line":35,"column":10},"end":{"line":37,"column":11}},{"start":{},"end":{}}],"line":35},"3":{"loc":{"start":{"line":46,"column":8},"end":{"line":52,"column":9}},"type":"if","locations":[{"start":{"line":46,"column":8},"end":{"line":52,"column":9}},{"start":{},"end":{}}],"line":46},"4":{"loc":{"start":{"line":48,"column":12},"end":{"line":50,"column":13}},"type":"if","locations":[{"start":{"line":48,"column":12},"end":{"line":50,"column":13}},{"start":{},"end":{}}],"line":48}},"s":{"0":2,"1":2,"2":2,"3":2,"4":2,"5":2,"6":2,"7":2,"8":2,"9":2,"10":1,"11":2,"12":2,"13":2,"14":2,"15":1,"16":4,"17":24,"18":4,"19":2,"20":2,"21":12,"22":5,"23":30,"24":5,"25":2,"26":2},"f":{"0":2,"1":2,"2":4,"3":24,"4":2,"5":12,"6":30},"b":{"0":[2,0],"1":[1,1],"2":[4,20],"3":[5,7],"4":[5,25]},"_coverageSchema":"1a1c01bbd47fc00a2c39e90264f33305004495a9","hash":"3d87e8e8f729e5e3513f25a158bcffdeaadb36a9"}
,"D:\\freelance\\works\\wh_project_react\\client\\src\\services\\verification\\index.js": {"path":"D:\\freelance\\works\\wh_project_react\\client\\src\\services\\verification\\index.js","statementMap":{"0":{"start":{"line":1,"column":31},"end":{"line":24,"column":1}},"1":{"start":{"line":2,"column":2},"end":{"line":23,"column":3}},"2":{"start":{"line":3,"column":14},"end":{"line":3,"column":29}},"3":{"start":{"line":5,"column":22},"end":{"line":16,"column":6}},"4":{"start":{"line":18,"column":17},"end":{"line":18,"column":38}},"5":{"start":{"line":20,"column":4},"end":{"line":20,"column":17}},"6":{"start":{"line":22,"column":4},"end":{"line":22,"column":19}}},"fnMap":{"0":{"name":"(anonymous_0)","decl":{"start":{"line":1,"column":31},"end":{"line":1,"column":32}},"loc":{"start":{"line":1,"column":51},"end":{"line":24,"column":1}},"line":1}},"branchMap":{},"s":{"0":1,"1":1,"2":1,"3":1,"4":0,"5":0,"6":1},"f":{"0":1},"b":{},"_coverageSchema":"1a1c01bbd47fc00a2c39e90264f33305004495a9","hash":"463771e699a30adcd6f0831a295253daf0d25706"}
,"D:\\freelance\\works\\wh_project_react\\client\\src\\utils\\common.js": {"path":"D:\\freelance\\works\\wh_project_react\\client\\src\\utils\\common.js","statementMap":{"0":{"start":{"line":1,"column":25},"end":{"line":1,"column":46}},"1":{"start":{"line":1,"column":32},"end":{"line":1,"column":46}},"2":{"start":{"line":3,"column":28},"end":{"line":3,"column":55}},"3":{"start":{"line":3,"column":36},"end":{"line":3,"column":55}}},"fnMap":{"0":{"name":"(anonymous_0)","decl":{"start":{"line":1,"column":25},"end":{"line":1,"column":26}},"loc":{"start":{"line":1,"column":32},"end":{"line":1,"column":46}},"line":1},"1":{"name":"(anonymous_1)","decl":{"start":{"line":3,"column":28},"end":{"line":3,"column":29}},"loc":{"start":{"line":3,"column":36},"end":{"line":3,"column":55}},"line":3}},"branchMap":{},"s":{"0":1,"1":0,"2":1,"3":9},"f":{"0":0,"1":9},"b":{},"_coverageSchema":"1a1c01bbd47fc00a2c39e90264f33305004495a9","hash":"a9eb1537db0e5f1eabc791e416cbc8aa537e2fa2"}
}
