TN:
SF:client\src\services\filters\filterstestmock.js
FN:9,(anonymous_0)
FN:19,(anonymous_1)
FNF:2
FNH:2
FNDA:1,(anonymous_0)
FNDA:1,(anonymous_1)
DA:1,1
DA:9,1
DA:10,1
DA:19,1
DA:20,1
DA:38,1
DA:44,1
LF:7
LH:7
BRF:0
BRH:0
end_of_record
TN:
SF:client\src\services\filters\index.js
FN:3,(anonymous_0)
FN:12,(anonymous_1)
FN:13,(anonymous_2)
FN:15,(anonymous_3)
FN:36,(anonymous_4)
FN:39,CheckboxFromUrl
FN:41,(anonymous_6)
FN:42,(anonymous_7)
FN:46,(anonymous_8)
FN:47,(anonymous_9)
FN:52,(anonymous_10)
FN:60,(anonymous_11)
FN:60,(anonymous_12)
FNF:13
FNH:13
FNDA:1,(anonymous_0)
FNDA:1,(anonymous_1)
FNDA:3,(anonymous_2)
FNDA:3,(anonymous_3)
FNDA:1,(anonymous_4)
FNDA:1,CheckboxFromUrl
FNDA:3,(anonymous_6)
FNDA:3,(anonymous_7)
FNDA:9,(anonymous_8)
FNDA:27,(anonymous_9)
FNDA:9,(anonymous_10)
FNDA:9,(anonymous_11)
FNDA:27,(anonymous_12)
DA:3,1
DA:4,1
DA:10,1
DA:12,1
DA:13,1
DA:14,3
DA:15,1
DA:16,3
DA:17,1
DA:18,1
DA:20,0
DA:23,2
DA:27,2
DA:32,1
DA:36,1
DA:37,1
DA:40,1
DA:41,1
DA:42,3
DA:46,3
DA:47,9
DA:48,27
DA:49,3
DA:50,3
DA:52,3
DA:53,9
DA:54,3
DA:60,9
DA:61,27
DA:62,9
DA:63,3
DA:65,6
DA:68,18
DA:72,3
DA:75,1
DA:78,1
LF:36
LH:35
BRDA:4,0,0,1
BRDA:4,0,1,0
BRDA:14,1,0,1
BRDA:14,1,1,2
BRDA:16,2,0,1
BRDA:16,2,1,2
BRDA:17,3,0,1
BRDA:17,3,1,0
BRDA:48,4,0,3
BRDA:48,4,1,24
BRDA:53,5,0,3
BRDA:53,5,1,6
BRDA:61,6,0,9
BRDA:61,6,1,18
BRDA:62,7,0,3
BRDA:62,7,1,6
BRF:16
BRH:14
end_of_record
TN:
SF:client\src\services\url\index.js
FN:3,useGetUrlParams
FN:19,(anonymous_1)
FN:33,(anonymous_2)
FN:34,(anonymous_3)
FN:42,pathData
FN:45,(anonymous_5)
FN:47,(anonymous_6)
FNF:7
FNH:7
FNDA:2,useGetUrlParams
FNDA:2,(anonymous_1)
FNDA:4,(anonymous_2)
FNDA:24,(anonymous_3)
FNDA:2,pathData
FNDA:12,(anonymous_5)
FNDA:30,(anonymous_6)
DA:4,2
DA:6,2
DA:7,2
DA:8,2
DA:9,2
DA:10,2
DA:11,2
DA:12,2
DA:13,2
DA:15,2
DA:19,1
DA:20,2
DA:21,2
DA:23,2
DA:32,2
DA:33,1
DA:34,4
DA:35,24
DA:36,4
DA:43,2
DA:45,2
DA:46,12
DA:47,5
DA:48,30
DA:49,5
DA:55,2
DA:58,2
LF:27
LH:27
BRDA:20,0,0,2
BRDA:20,0,1,0
BRDA:32,1,0,1
BRDA:32,1,1,1
BRDA:35,2,0,4
BRDA:35,2,1,20
BRDA:46,3,0,5
BRDA:46,3,1,7
BRDA:48,4,0,5
BRDA:48,4,1,25
BRF:10
BRH:9
end_of_record
TN:
SF:client\src\services\verification\index.js
FN:1,(anonymous_0)
FNF:1
FNH:1
FNDA:1,(anonymous_0)
DA:1,1
DA:2,1
DA:3,1
DA:5,1
DA:18,0
DA:20,0
DA:22,1
LF:7
LH:5
BRF:0
BRH:0
end_of_record
TN:
SF:client\src\utils\common.js
FN:1,(anonymous_0)
FN:3,(anonymous_1)
FNF:2
FNH:1
FNDA:0,(anonymous_0)
FNDA:9,(anonymous_1)
DA:1,1
DA:3,9
LF:2
LH:2
BRF:0
BRH:0
end_of_record
